-------------------------------------------------------------------------------
Test set: TestSuite
-------------------------------------------------------------------------------
Tests run: 6, Failures: 1, Errors: 0, Skipped: 0, Time elapsed: 138.007 s <<< FAILURE! - in TestSuite
VerifyFlightTime(com.invia.tests.HotelDetailsPageTest)  Time elapsed: 0.228 s  <<< FAILURE!
java.lang.AssertionError: expected [true] but found [false]
	at com.invia.tests.HotelDetailsPageTest.VerifyFlightTime(HotelDetailsPageTest.java:59)

