<?xml version="1.0" encoding="UTF-8"?>
<testsuite xmlns:xsi="http://www.w3.org/2001/XMLSchema-instance" xsi:noNamespaceSchemaLocation="https://maven.apache.org/surefire/maven-surefire-plugin/xsd/surefire-test-report.xsd" name="TestSuite" time="138.007" tests="6" errors="0" skipped="0" failures="1">
  <properties>
[...]
</properties>
  <testcase name="SetSerachCriteria" classname="com.invia.tests.SearchPageTest" time="15.625"/>
  <testcase name="VerifyHotelSelectionPageFilters" classname="com.invia.tests.HotelSelectionPageTest" time="6.423"/>
  <testcase name="VerifyResultsSortedByHighestPrice" classname="com.invia.tests.HotelSelectionPageTest" time="9.475"/>
  <testcase name="SetHotelDetailsPageFilters" classname="com.invia.tests.HotelDetailsPageTest" time="78.162"/>
  <testcase name="VerifyFlightTime" classname="com.invia.tests.HotelDetailsPageTest" time="0.228">
    <failure message="expected [true] but found [false]" type="java.lang.AssertionError">java.lang.AssertionError: expected [true] but found [false]
	at com.invia.tests.HotelDetailsPageTest.VerifyFlightTime(HotelDetailsPageTest.java:59)
</failure>
    <system-out><![CDATA[10-30-2019 12:58:40 HotelDetailsPageTest.java INFO  [main] rootCategory 49 - ***** TC-5 : Verify that Flight timings are within selected range *****
10-30-2019 12:58:40 HotelDetailsPage.java DEBUG [main] rootCategory 102 - Flight start time: 04:00 and flight end time : 19:50
10-30-2019 12:58:40 HotelDetailsPage.java DEBUG [main] rootCategory 103 - Selected range start time: 15:40 and selected range end time : 21:00
10-30-2019 12:58:40 HotelDetailsPage.java DEBUG [main] rootCategory 102 - Flight start time: 00:00 and flight end time : 18:20
10-30-2019 12:58:40 HotelDetailsPage.java DEBUG [main] rootCategory 103 - Selected range start time: 12:55 and selected range end time : 12:00
]]></system-out>
  </testcase>
  <testcase name="VerifyHotelName" classname="com.invia.tests.BookingPageTest" time="7.709"/>
</testsuite>